\BOOKMARK [0][-]{chapter.1}{Introduction }{}% 1
\BOOKMARK [0][-]{chapter.2}{A Step to Blockchain}{}% 2
\BOOKMARK [1][-]{section.2.1}{Blockchain data structure}{chapter.2}% 3
\BOOKMARK [2][-]{subsection.2.1.1}{Structure of a block}{section.2.1}% 4
\BOOKMARK [2][-]{subsection.2.1.2}{Block header hash and nodes}{section.2.1}% 5
\BOOKMARK [2][-]{subsection.2.1.3}{Block height}{section.2.1}% 6
\BOOKMARK [2][-]{subsection.2.1.4}{Genesis Block}{section.2.1}% 7
\BOOKMARK [2][-]{subsection.2.1.5}{Proof of Work}{section.2.1}% 8
\BOOKMARK [2][-]{subsection.2.1.6}{Linking blocks in the blockchain}{section.2.1}% 9
\BOOKMARK [1][-]{section.2.2}{Cryptographic Hash Algorithm}{chapter.2}% 10
\BOOKMARK [1][-]{section.2.3}{Modification of Data}{chapter.2}% 11
\BOOKMARK [1][-]{section.2.4}{Types of blockchains}{chapter.2}% 12
\BOOKMARK [1][-]{section.2.5}{Applications}{chapter.2}% 13
\BOOKMARK [0][-]{chapter.3}{Related Work}{}% 14
\BOOKMARK [1][-]{section.3.1}{Blockchain}{chapter.3}% 15
\BOOKMARK [1][-]{section.3.2}{Simplified Payment Verification - SPV}{chapter.3}% 16
\BOOKMARK [0][-]{chapter.4}{Scenarios and System Architecture}{}% 17
\BOOKMARK [1][-]{section.4.1}{Mobile charger packet information for billing}{chapter.4}% 18
\BOOKMARK [1][-]{section.4.2}{Lightweight Blockchain data}{chapter.4}% 19
\BOOKMARK [1][-]{section.4.3}{Performance Analysis}{chapter.4}% 20
\BOOKMARK [0][-]{chapter.5}{Conclusion and Future Scope}{}% 21
